# JRE version: Java(TM) SE Runtime Environment (8.0_271-b09) (build 1.8.0_271-b09)
# Java VM: Java HotSpot(TM) 64-Bit Server VM (25.271-b09 mixed mode windows-amd64 compressed oops)
Heap:
 PSYoungGen      total 141824K, used 10668K [0x000000076b000000, 0x0000000774500000, 0x00000007c0000000)
  eden space 131072K, 0% used [0x000000076b000000,0x000000076b000000,0x0000000773000000)
  from space 10752K, 99% used [0x0000000773a80000,0x00000007744eb000,0x0000000774500000)
  to   space 10752K, 0% used [0x0000000773000000,0x0000000773000000,0x0000000773a80000)
 ParOldGen       total 175104K, used 128369K [0x00000006c1000000, 0x00000006cbb00000, 0x000000076b000000)
  object space 175104K, 73% used [0x00000006c1000000,0x00000006c8d5c4f8,0x00000006cbb00000)
 Metaspace       used 17823K, capacity 18154K, committed 18432K, reserved 1064960K
  class space    used 2092K, capacity 2179K, committed 2304K, reserved 1048576K
GC Heap History (10 events):
Event: 1.183 GC heap before
{Heap before GC invocations=3 (full 0):
 PSYoungGen      total 141824K, used 141589K [0x000000076b000000, 0x0000000774500000, 0x00000007c0000000)
  eden space 131072K, 100% used [0x000000076b000000,0x0000000773000000,0x0000000773000000)
  from space 10752K, 97% used [0x0000000773a80000,0x00000007744c5510,0x0000000774500000)
  to   space 10752K, 0% used [0x0000000773000000,0x0000000773000000,0x0000000773a80000)
 ParOldGen       total 175104K, used 88K [0x00000006c1000000, 0x00000006cbb00000, 0x000000076b000000)
  object space 175104K, 0% used [0x00000006c1000000,0x00000006c1016010,0x00000006cbb00000)
 Metaspace       used 14621K, capacity 14856K, committed 15232K, reserved 1062912K
  class space    used 1808K, capacity 1906K, committed 1920K, reserved 1048576K
Event: 1.307 GC heap after
Heap after GC invocations=3 (full 0):
 PSYoungGen      total 141824K, used 10749K [0x000000076b000000, 0x0000000774500000, 0x00000007c0000000)
  eden space 131072K, 0% used [0x000000076b000000,0x000000076b000000,0x0000000773000000)
  from space 10752K, 99% used [0x0000000773000000,0x0000000773a7f608,0x0000000773a80000)
  to   space 10752K, 0% used [0x0000000773a80000,0x0000000773a80000,0x0000000774500000)
 ParOldGen       total 175104K, used 16103K [0x00000006c1000000, 0x00000006cbb00000, 0x000000076b000000)
  object space 175104K, 9% used [0x00000006c1000000,0x00000006c1fb9e40,0x00000006cbb00000)
 Metaspace       used 14621K, capacity 14856K, committed 15232K, reserved 1062912K
  class space    used 1808K, capacity 1906K, committed 1920K, reserved 1048576K
}
Event: 1.867 GC heap before
{Heap before GC invocations=4 (full 0):
 PSYoungGen      total 141824K, used 141821K [0x000000076b000000, 0x0000000774500000, 0x00000007c0000000)
  eden space 131072K, 100% used [0x000000076b000000,0x0000000773000000,0x0000000773000000)
  from space 10752K, 99% used [0x0000000773000000,0x0000000773a7f608,0x0000000773a80000)
  to   space 10752K, 0% used [0x0000000773a80000,0x0000000773a80000,0x0000000774500000)
 ParOldGen       total 175104K, used 16103K [0x00000006c1000000, 0x00000006cbb00000, 0x000000076b000000)
  object space 175104K, 9% used [0x00000006c1000000,0x00000006c1fb9e40,0x00000006cbb00000)
 Metaspace       used 15788K, capacity 15994K, committed 16384K, reserved 1062912K
  class space    used 1910K, capacity 1981K, committed 2048K, reserved 1048576K
Event: 1.883 GC heap after
Heap after GC invocations=4 (full 0):
 PSYoungGen      total 141824K, used 10722K [0x000000076b000000, 0x0000000774500000, 0x00000007c0000000)
  eden space 131072K, 0% used [0x000000076b000000,0x000000076b000000,0x0000000773000000)
  from space 10752K, 99% used [0x0000000773a80000,0x00000007744f8b80,0x0000000774500000)
  to   space 10752K, 0% used [0x0000000773000000,0x0000000773000000,0x0000000773a80000)
 ParOldGen       total 175104K, used 41632K [0x00000006c1000000, 0x00000006cbb00000, 0x000000076b000000)
  object space 175104K, 23% used [0x00000006c1000000,0x00000006c38a8130,0x00000006cbb00000)
 Metaspace       used 15788K, capacity 15994K, committed 16384K, reserved 1062912K
  class space    used 1910K, capacity 1981K, committed 2048K, reserved 1048576K
}
Event: 2.405 GC heap before
{Heap before GC invocations=5 (full 0):
 PSYoungGen      total 141824K, used 141794K [0x000000076b000000, 0x0000000774500000, 0x00000007c0000000)
  eden space 131072K, 100% used [0x000000076b000000,0x0000000773000000,0x0000000773000000)
  from space 10752K, 99% used [0x0000000773a80000,0x00000007744f8b80,0x0000000774500000)
  to   space 10752K, 0% used [0x0000000773000000,0x0000000773000000,0x0000000773a80000)
 ParOldGen       total 175104K, used 41632K [0x00000006c1000000, 0x00000006cbb00000, 0x000000076b000000)
  object space 175104K, 23% used [0x00000006c1000000,0x00000006c38a8130,0x00000006cbb00000)
 Metaspace       used 16890K, capacity 17186K, committed 17536K, reserved 1064960K
  class space    used 2016K, capacity 2113K, committed 2176K, reserved 1048576K
Event: 2.424 GC heap after
Heap after GC invocations=5 (full 0):
 PSYoungGen      total 141824K, used 10750K [0x000000076b000000, 0x0000000774500000, 0x00000007c0000000)
  eden space 131072K, 0% used [0x000000076b000000,0x000000076b000000,0x0000000773000000)
  from space 10752K, 99% used [0x0000000773000000,0x0000000773a7f850,0x0000000773a80000)
  to   space 10752K, 0% used [0x0000000773a80000,0x0000000773a80000,0x0000000774500000)
 ParOldGen       total 175104K, used 65108K [0x00000006c1000000, 0x00000006cbb00000, 0x000000076b000000)
  object space 175104K, 37% used [0x00000006c1000000,0x00000006c4f953a8,0x00000006cbb00000)
 Metaspace       used 16890K, capacity 17186K, committed 17536K, reserved 1064960K
  class space    used 2016K, capacity 2113K, committed 2176K, reserved 1048576K
}
Event: 2.994 GC heap before
{Heap before GC invocations=6 (full 0):
 PSYoungGen      total 141824K, used 141822K [0x000000076b000000, 0x0000000774500000, 0x00000007c0000000)
  eden space 131072K, 100% used [0x000000076b000000,0x0000000773000000,0x0000000773000000)
  from space 10752K, 99% used [0x0000000773000000,0x0000000773a7f850,0x0000000773a80000)
  to   space 10752K, 0% used [0x0000000773a80000,0x0000000773a80000,0x0000000774500000)
 ParOldGen       total 175104K, used 65108K [0x00000006c1000000, 0x00000006cbb00000, 0x000000076b000000)
  object space 175104K, 37% used [0x00000006c1000000,0x00000006c4f953a8,0x00000006cbb00000)
 Metaspace       used 17163K, capacity 17474K, committed 17792K, reserved 1064960K
  class space    used 2043K, capacity 2145K, committed 2176K, reserved 1048576K
Event: 3.026 GC heap after
Heap after GC invocations=6 (full 0):
 PSYoungGen      total 141824K, used 10724K [0x000000076b000000, 0x0000000774500000, 0x00000007c0000000)
  eden space 131072K, 0% used [0x000000076b000000,0x000000076b000000,0x0000000773000000)
  from space 10752K, 99% used [0x0000000773a80000,0x00000007744f93d0,0x0000000774500000)
  to   space 10752K, 0% used [0x0000000773000000,0x0000000773000000,0x0000000773a80000)
 ParOldGen       total 175104K, used 113519K [0x00000006c1000000, 0x00000006cbb00000, 0x000000076b000000)
  object space 175104K, 64% used [0x00000006c1000000,0x00000006c7edbec0,0x00000006cbb00000)
 Metaspace       used 17163K, capacity 17474K, committed 17792K, reserved 1064960K
  class space    used 2043K, capacity 2145K, committed 2176K, reserved 1048576K
}
Event: 3.258 GC heap before
{Heap before GC invocations=7 (full 0):
 PSYoungGen      total 141824K, used 141796K [0x000000076b000000, 0x0000000774500000, 0x00000007c0000000)
  eden space 131072K, 100% used [0x000000076b000000,0x0000000773000000,0x0000000773000000)
  from space 10752K, 99% used [0x0000000773a80000,0x00000007744f93d0,0x0000000774500000)
  to   space 10752K, 0% used [0x0000000773000000,0x0000000773000000,0x0000000773a80000)
 ParOldGen       total 175104K, used 113519K [0x00000006c1000000, 0x00000006cbb00000, 0x000000076b000000)
  object space 175104K, 64% used [0x00000006c1000000,0x00000006c7edbec0,0x00000006cbb00000)
 Metaspace       used 17583K, capacity 17896K, committed 18176K, reserved 1064960K
  class space    used 2068K, capacity 2178K, committed 2304K, reserved 1048576K
Event: 3.278 GC heap after
Heap after GC invocations=7 (full 0):
 PSYoungGen      total 141824K, used 10727K [0x000000076b000000, 0x0000000774500000, 0x00000007c0000000)
  eden space 131072K, 0% used [0x000000076b000000,0x000000076b000000,0x0000000773000000)
  from space 10752K, 99% used [0x0000000773000000,0x0000000773a79ec8,0x0000000773a80000)
  to   space 10752K, 0% used [0x0000000773a80000,0x0000000773a80000,0x0000000774500000)
 ParOldGen       total 175104K, used 123250K [0x00000006c1000000, 0x00000006cbb00000, 0x000000076b000000)
  object space 175104K, 70% used [0x00000006c1000000,0x00000006c885c848,0x00000006cbb00000)
 Metaspace       used 17583K, capacity 17896K, committed 18176K, reserved 1064960K
  class space    used 2068K, capacity 2178K, committed 2304K, reserved 1048576K
}

