# JRE version: Java(TM) SE Runtime Environment (8.0_271-b09) (build 1.8.0_271-b09)
# Java VM: Java HotSpot(TM) 64-Bit Server VM (25.271-b09 mixed mode windows-amd64 compressed oops)
Heap:
 PSYoungGen      total 141824K, used 28286K [0x000000076b000000, 0x0000000774500000, 0x00000007c0000000)
  eden space 131072K, 13% used [0x000000076b000000,0x000000076c120cc8,0x0000000773000000)
  from space 10752K, 99% used [0x0000000773000000,0x0000000773a7eca8,0x0000000773a80000)
  to   space 10752K, 0% used [0x0000000773a80000,0x0000000773a80000,0x0000000774500000)
 ParOldGen       total 283136K, used 123976K [0x00000006c1000000, 0x00000006d2480000, 0x000000076b000000)
  object space 283136K, 43% used [0x00000006c1000000,0x00000006c89123c8,0x00000006d2480000)
 Metaspace       used 17960K, capacity 18260K, committed 18432K, reserved 1064960K
  class space    used 2102K, capacity 2212K, committed 2304K, reserved 1048576K
GC Heap History (10 events):
Event: 1.829 GC heap before
{Heap before GC invocations=6 (full 0):
 PSYoungGen      total 141824K, used 141799K [0x000000076b000000, 0x0000000774500000, 0x00000007c0000000)
  eden space 131072K, 100% used [0x000000076b000000,0x0000000773000000,0x0000000773000000)
  from space 10752K, 99% used [0x0000000773000000,0x0000000773a79c70,0x0000000773a80000)
  to   space 10752K, 0% used [0x0000000773a80000,0x0000000773a80000,0x0000000774500000)
 ParOldGen       total 175104K, used 42391K [0x00000006c1000000, 0x00000006cbb00000, 0x000000076b000000)
  object space 175104K, 24% used [0x00000006c1000000,0x00000006c3965c18,0x00000006cbb00000)
 Metaspace       used 16882K, capacity 17186K, committed 17536K, reserved 1064960K
  class space    used 2016K, capacity 2113K, committed 2176K, reserved 1048576K
Event: 1.846 GC heap after
Heap after GC invocations=6 (full 0):
 PSYoungGen      total 141824K, used 10746K [0x000000076b000000, 0x0000000774500000, 0x00000007c0000000)
  eden space 131072K, 0% used [0x000000076b000000,0x000000076b000000,0x0000000773000000)
  from space 10752K, 99% used [0x0000000773a80000,0x00000007744fea60,0x0000000774500000)
  to   space 10752K, 0% used [0x0000000773000000,0x0000000773000000,0x0000000773a80000)
 ParOldGen       total 175104K, used 65888K [0x00000006c1000000, 0x00000006cbb00000, 0x000000076b000000)
  object space 175104K, 37% used [0x00000006c1000000,0x00000006c5058248,0x00000006cbb00000)
 Metaspace       used 16882K, capacity 17186K, committed 17536K, reserved 1064960K
  class space    used 2016K, capacity 2113K, committed 2176K, reserved 1048576K
}
Event: 2.352 GC heap before
{Heap before GC invocations=7 (full 0):
 PSYoungGen      total 141824K, used 141818K [0x000000076b000000, 0x0000000774500000, 0x00000007c0000000)
  eden space 131072K, 100% used [0x000000076b000000,0x0000000773000000,0x0000000773000000)
  from space 10752K, 99% used [0x0000000773a80000,0x00000007744fea60,0x0000000774500000)
  to   space 10752K, 0% used [0x0000000773000000,0x0000000773000000,0x0000000773a80000)
 ParOldGen       total 175104K, used 65888K [0x00000006c1000000, 0x00000006cbb00000, 0x000000076b000000)
  object space 175104K, 37% used [0x00000006c1000000,0x00000006c5058248,0x00000006cbb00000)
 Metaspace       used 17299K, capacity 17602K, committed 17792K, reserved 1064960K
  class space    used 2048K, capacity 2145K, committed 2176K, reserved 1048576K
Event: 2.384 GC heap after
Heap after GC invocations=7 (full 0):
 PSYoungGen      total 141824K, used 10740K [0x000000076b000000, 0x0000000774500000, 0x00000007c0000000)
  eden space 131072K, 0% used [0x000000076b000000,0x000000076b000000,0x0000000773000000)
  from space 10752K, 99% used [0x0000000773000000,0x0000000773a7d020,0x0000000773a80000)
  to   space 10752K, 0% used [0x0000000773a80000,0x0000000773a80000,0x0000000774500000)
 ParOldGen       total 175104K, used 126531K [0x00000006c1000000, 0x00000006cbb00000, 0x000000076b000000)
  object space 175104K, 72% used [0x00000006c1000000,0x00000006c8b90f70,0x00000006cbb00000)
 Metaspace       used 17299K, capacity 17602K, committed 17792K, reserved 1064960K
  class space    used 2048K, capacity 2145K, committed 2176K, reserved 1048576K
}
Event: 2.384 GC heap before
{Heap before GC invocations=8 (full 1):
 PSYoungGen      total 141824K, used 10740K [0x000000076b000000, 0x0000000774500000, 0x00000007c0000000)
  eden space 131072K, 0% used [0x000000076b000000,0x000000076b000000,0x0000000773000000)
  from space 10752K, 99% used [0x0000000773000000,0x0000000773a7d020,0x0000000773a80000)
  to   space 10752K, 0% used [0x0000000773a80000,0x0000000773a80000,0x0000000774500000)
 ParOldGen       total 175104K, used 126531K [0x00000006c1000000, 0x00000006cbb00000, 0x000000076b000000)
  object space 175104K, 72% used [0x00000006c1000000,0x00000006c8b90f70,0x00000006cbb00000)
 Metaspace       used 17299K, capacity 17602K, committed 17792K, reserved 1064960K
  class space    used 2048K, capacity 2145K, committed 2176K, reserved 1048576K
Event: 2.711 GC heap after
Heap after GC invocations=8 (full 1):
 PSYoungGen      total 141824K, used 0K [0x000000076b000000, 0x0000000774500000, 0x00000007c0000000)
  eden space 131072K, 0% used [0x000000076b000000,0x000000076b000000,0x0000000773000000)
  from space 10752K, 0% used [0x0000000773000000,0x0000000773000000,0x0000000773a80000)
  to   space 10752K, 0% used [0x0000000773a80000,0x0000000773a80000,0x0000000774500000)
 ParOldGen       total 283136K, used 123022K [0x00000006c1000000, 0x00000006d2480000, 0x000000076b000000)
  object space 283136K, 43% used [0x00000006c1000000,0x00000006c8823818,0x00000006d2480000)
 Metaspace       used 17299K, capacity 17602K, committed 17792K, reserved 1064960K
  class space    used 2048K, capacity 2145K, committed 2176K, reserved 1048576K
}
Event: 2.852 GC heap before
{Heap before GC invocations=9 (full 1):
 PSYoungGen      total 141824K, used 131072K [0x000000076b000000, 0x0000000774500000, 0x00000007c0000000)
  eden space 131072K, 100% used [0x000000076b000000,0x0000000773000000,0x0000000773000000)
  from space 10752K, 0% used [0x0000000773000000,0x0000000773000000,0x0000000773a80000)
  to   space 10752K, 0% used [0x0000000773a80000,0x0000000773a80000,0x0000000774500000)
 ParOldGen       total 283136K, used 123022K [0x00000006c1000000, 0x00000006d2480000, 0x000000076b000000)
  object space 283136K, 43% used [0x00000006c1000000,0x00000006c8823818,0x00000006d2480000)
 Metaspace       used 17410K, capacity 17730K, committed 18048K, reserved 1064960K
  class space    used 2053K, capacity 2145K, committed 2176K, reserved 1048576K
Event: 2.854 GC heap after
Heap after GC invocations=9 (full 1):
 PSYoungGen      total 141824K, used 5942K [0x000000076b000000, 0x0000000774500000, 0x00000007c0000000)
  eden space 131072K, 0% used [0x000000076b000000,0x000000076b000000,0x0000000773000000)
  from space 10752K, 55% used [0x0000000773a80000,0x000000077404da90,0x0000000774500000)
  to   space 10752K, 0% used [0x0000000773000000,0x0000000773000000,0x0000000773a80000)
 ParOldGen       total 283136K, used 123030K [0x00000006c1000000, 0x00000006d2480000, 0x000000076b000000)
  object space 283136K, 43% used [0x00000006c1000000,0x00000006c8825818,0x00000006d2480000)
 Metaspace       used 17410K, capacity 17730K, committed 18048K, reserved 1064960K
  class space    used 2053K, capacity 2145K, committed 2176K, reserved 1048576K
}
Event: 3.096 GC heap before
{Heap before GC invocations=10 (full 1):
 PSYoungGen      total 141824K, used 137014K [0x000000076b000000, 0x0000000774500000, 0x00000007c0000000)
  eden space 131072K, 100% used [0x000000076b000000,0x0000000773000000,0x0000000773000000)
  from space 10752K, 55% used [0x0000000773a80000,0x000000077404da90,0x0000000774500000)
  to   space 10752K, 0% used [0x0000000773000000,0x0000000773000000,0x0000000773a80000)
 ParOldGen       total 283136K, used 123030K [0x00000006c1000000, 0x00000006d2480000, 0x000000076b000000)
  object space 283136K, 43% used [0x00000006c1000000,0x00000006c8825818,0x00000006d2480000)
 Metaspace       used 17917K, capacity 18260K, committed 18432K, reserved 1064960K
  class space    used 2101K, capacity 2212K, committed 2304K, reserved 1048576K
Event: 3.101 GC heap after
Heap after GC invocations=10 (full 1):
 PSYoungGen      total 141824K, used 10747K [0x000000076b000000, 0x0000000774500000, 0x00000007c0000000)
  eden space 131072K, 0% used [0x000000076b000000,0x000000076b000000,0x0000000773000000)
  from space 10752K, 99% used [0x0000000773000000,0x0000000773a7eca8,0x0000000773a80000)
  to   space 10752K, 0% used [0x0000000773a80000,0x0000000773a80000,0x0000000774500000)
 ParOldGen       total 283136K, used 123976K [0x00000006c1000000, 0x00000006d2480000, 0x000000076b000000)
  object space 283136K, 43% used [0x00000006c1000000,0x00000006c89123c8,0x00000006d2480000)
 Metaspace       used 17917K, capacity 18260K, committed 18432K, reserved 1064960K
  class space    used 2101K, capacity 2212K, committed 2304K, reserved 1048576K
}

